


ARM Macro Assembler    Page 1 


    1 00000000         
    2 00000000         ; This register controls the clock gating logic in norma
                       l Run mode
    3 00000000 400FE108 
                       SYSCTL_PERIPH_GPIOF
                               EQU              0x400FE108  ; SYSCTL_RCGC2_R (p
                                                            291 datasheet de lm
                                                            3s9b92.pdf)
    4 00000000         
    5 00000000         ; The GPIODATA register is the data register
    6 00000000 40025000 
                       GPIO_PORTF_BASE
                               EQU              0x40025000  ; GPIO Port F (APB)
                                                             base: 0x4002.5000 
                                                            (p416 datasheet de 
                                                            lm3s9B92.pdf)
    7 00000000         
    8 00000000         ; configure the corresponding pin to be an output
    9 00000000         ; all GPIO pins are inputs by default
   10 00000000 00000400 
                       GPIO_O_DIR
                               EQU              0x00000400  ; GPIO Direction (p
                                                            417 datasheet de lm
                                                            3s9B92.pdf)
   11 00000000         
   12 00000000         ; The GPIODR2R register is the 2-mA drive control regist
                       er
   13 00000000         ; By default, all GPIO pins have 2-mA drive.
   14 00000000 00000500 
                       GPIO_O_DR2R
                               EQU              0x00000500  ; GPIO 2-mA Drive S
                                                            elect (p428 datashe
                                                            et de lm3s9B92.pdf)
                                                            
   15 00000000         
   16 00000000         ; Digital enable register
   17 00000000         ; To use the pin as a digital input or output, the corre
                       sponding GPIODEN bit must be set.
   18 00000000 0000051C 
                       GPIO_O_DEN
                               EQU              0x0000051C  ; GPIO Digital Enab
                                                            le (p437 datasheet 
                                                            de lm3s9B92.pdf)
   19 00000000         
   20 00000000         ; Broches select
   21 00000000 00000030 
                       PORT45  EQU              0x30        ; led1 & led2 sur b
                                                            roche 4 et 5
   22 00000000         
   23 00000000 00000010 
                       PORT4   EQU              0x10        ; led1 sur broche 4
                                                            
   24 00000000         
   25 00000000 00000020 
                       PORT5   EQU              0x20        ; led2 sur broche 5
                                                            
   26 00000000         
   27 00000000         ; blinking frequency
   28 00000000 000DFFFF 



ARM Macro Assembler    Page 2 


                       DUREE   EQU              0x000DFFFF
   29 00000000         
   30 00000000         
   31 00000000                 AREA             |.text|, CODE, READONLY
   32 00000000                 ENTRY
   33 00000000         
   34 00000000                 EXPORT           CLIGNOTE2
   35 00000000                 EXPORT           CLIGNOTE3
   36 00000000                 EXPORT           CLIGNOTEG
   37 00000000                 EXPORT           CLIGNOTED
   38 00000000         
   39 00000000         ; ------------------------------------------------------
                       ---------
   40 00000000         ; Méthode pour faire clignoter 2 fois les 2 LEDS simulta
                       nément
   41 00000000         CLIGNOTE2
   42 00000000         ; Activer l'horloge périphérique du port F en définissan
                       t le bit 5 (0x20 == 0b100000)
   43 00000000         
   44 00000000 4B5C            LDR              r3, = SYSCTL_PERIPH_GPIOF
   45 00000002 F04F 0820       MOV              r8, #0x00000020
   46 00000006         
   47 00000006         ;Délai de 3 horloges systèmes
   48 00000006         
   49 00000006 BF00            NOP
   50 00000008 BF00            NOP
   51 0000000A BF00            NOP
   52 0000000C         
   53 0000000C         ;Configuration LED
   54 0000000C         
   55 0000000C 4B5A            LDR              r3, = GPIO_PORTF_BASE+GPIO_O_DI
R
   56 0000000E F04F 0830       LDR              r8, = PORT45
   57 00000012 F8C3 8000       STR              r8, [r3]
   58 00000016         
   59 00000016 4B59            LDR              r3, = GPIO_PORTF_BASE+GPIO_O_DE
N
   60 00000018 F04F 0830       LDR              r8, = PORT45
   61 0000001C F8C3 8000       STR              r8, [r3]
   62 00000020         
   63 00000020 4B57            LDR              r3, = GPIO_PORTF_BASE+GPIO_O_DR
2R
   64 00000022 F04F 0830       LDR              r8, = PORT45
   65 00000026 F8C3 8000       STR              r8, [r3]
   66 0000002A F04F 0A00       MOV              r10, #0x000
   67 0000002E         
   68 0000002E         ;Allumer les LEDS (PORTS45)
   69 0000002E         
   70 0000002E F04F 0B30       MOV              r11, #PORT45
   71 00000032 4B54            LDR              r3, =GPIO_PORTF_BASE + (PORT45<
<2)
   72 00000034         
   73 00000034         ; Fin configuration LED
   74 00000034         
   75 00000034         ; Boucle : 2 clignotements
   76 00000034 F04F 0400       MOV              r4, #0
   77 00000038         
   78 00000038 2C02    loopC2  CMP              r4, #2
   79 0000003A D010            BEQ              finC2



ARM Macro Assembler    Page 3 


   80 0000003C F104 0401       ADD              r4, #1
   81 00000040 F8C3 A000       STR              r10, [r3]
   82 00000044 F8DF 9140       LDR              r9, = DUREE
   83 00000048         
   84 00000048 F1B9 0901 
                       wait1C2 SUBS             r9, #1
   85 0000004C D1FC            BNE              wait1C2
   86 0000004E         
   87 0000004E F8C3 B000       STR              r11, [r3]
   88 00000052 F8DF 9134       LDR              r9, = DUREE
   89 00000056         
   90 00000056 F1B9 0901 
                       wait2C2 SUBS             r9, #1
   91 0000005A D1FC            BNE              wait2C2
   92 0000005C         
   93 0000005C E7EC            B                loopC2
   94 0000005E         
   95 0000005E         finC2
   96 0000005E F8C3 A000       STR              r10, [r3]
   97 00000062 4770            BX               LR
   98 00000064         
   99 00000064         
  100 00000064         ; ------------------------------------------------------
                       ---------
  101 00000064         ; Méthode pour faire clignoter 3 fois les 2 LEDS simulta
                       nément
  102 00000064         CLIGNOTE3
  103 00000064         ; Activer l'horloge périphérique du port F en définissan
                       t le bit 5 (0x20 == 0b100000)
  104 00000064         
  105 00000064 4B43            LDR              r3, = SYSCTL_PERIPH_GPIOF
  106 00000066 F04F 0820       MOV              r8, #0x00000020
  107 0000006A         
  108 0000006A         ;Délai de 3 horloges systèmes
  109 0000006A         
  110 0000006A BF00            NOP
  111 0000006C BF00            NOP
  112 0000006E BF00            NOP
  113 00000070         
  114 00000070         ;Configuration LED
  115 00000070         
  116 00000070 4B41            LDR              r3, = GPIO_PORTF_BASE+GPIO_O_DI
R
  117 00000072 F04F 0830       LDR              r8, = PORT45
  118 00000076 F8C3 8000       STR              r8, [r3]
  119 0000007A         
  120 0000007A 4B40            LDR              r3, = GPIO_PORTF_BASE+GPIO_O_DE
N
  121 0000007C F04F 0830       LDR              r8, = PORT45
  122 00000080 F8C3 8000       STR              r8, [r3]
  123 00000084         
  124 00000084 4B3E            LDR              r3, = GPIO_PORTF_BASE+GPIO_O_DR
2R
  125 00000086 F04F 0830       LDR              r8, = PORT45
  126 0000008A F8C3 8000       STR              r8, [r3]
  127 0000008E F04F 0A00       MOV              r10, #0x000
  128 00000092         
  129 00000092         ;Allumer les LEDS (PORTS45)
  130 00000092         



ARM Macro Assembler    Page 4 


  131 00000092 F04F 0B30       MOV              r11, #PORT45
  132 00000096 4B3B            LDR              r3, =GPIO_PORTF_BASE + (PORT45<
<2)
  133 00000098         
  134 00000098         ; Fin configuration LED
  135 00000098         
  136 00000098         ; Boucle : 3 clignotements
  137 00000098 F04F 0400       MOV              r4, #0
  138 0000009C         
  139 0000009C 2C03    loopC3  CMP              r4, #3
  140 0000009E D010            BEQ              finC3
  141 000000A0 F104 0401       ADD              r4, #1
  142 000000A4 F8C3 A000       STR              r10, [r3]
  143 000000A8 F8DF 90DC       LDR              r9, = DUREE
  144 000000AC         
  145 000000AC F1B9 0901 
                       wait1C3 SUBS             r9, #1
  146 000000B0 D1FC            BNE              wait1C3
  147 000000B2         
  148 000000B2 F8C3 B000       STR              r11, [r3]
  149 000000B6 F8DF 90D0       LDR              r9, = DUREE
  150 000000BA         
  151 000000BA F1B9 0901 
                       wait2C3 SUBS             r9, #1
  152 000000BE D1FC            BNE              wait2C3
  153 000000C0         
  154 000000C0 E7EC            B                loopC3
  155 000000C2         
  156 000000C2         finC3
  157 000000C2 F8C3 A000       STR              r10, [r3]
  158 000000C6 4770            BX               LR
  159 000000C8         
  160 000000C8         
  161 000000C8         
  162 000000C8         ; ------------------------------------------------------
                       ---------
  163 000000C8         ; Méthode pour faire clignoter LED droite 1 fois
  164 000000C8         CLIGNOTED
  165 000000C8         ; Activer l'horloge périphérique du port F en définissan
                       t le bit 5 (0x20 == 0b100000)
  166 000000C8         
  167 000000C8 4B2A            LDR              r3, = SYSCTL_PERIPH_GPIOF
  168 000000CA F04F 0820       MOV              r8, #0x00000020
  169 000000CE         
  170 000000CE         ;Délai de 3 horloges systèmes
  171 000000CE         
  172 000000CE BF00            NOP
  173 000000D0 BF00            NOP
  174 000000D2 BF00            NOP
  175 000000D4         
  176 000000D4         ;Configuration LED
  177 000000D4         
  178 000000D4 4B28            LDR              r3, = GPIO_PORTF_BASE+GPIO_O_DI
R
  179 000000D6 F04F 0810       LDR              r8, = PORT4
  180 000000DA F8C3 8000       STR              r8, [r3]
  181 000000DE         
  182 000000DE 4B27            LDR              r3, = GPIO_PORTF_BASE+GPIO_O_DE
N



ARM Macro Assembler    Page 5 


  183 000000E0 F04F 0810       LDR              r8, = PORT4
  184 000000E4 F8C3 8000       STR              r8, [r3]
  185 000000E8         
  186 000000E8 4B25            LDR              r3, = GPIO_PORTF_BASE+GPIO_O_DR
2R
  187 000000EA F04F 0810       LDR              r8, = PORT4
  188 000000EE F8C3 8000       STR              r8, [r3]
  189 000000F2 F04F 0A00       MOV              r10, #0x000
  190 000000F6         
  191 000000F6         ;Allumer la LED (PORTS4)
  192 000000F6         
  193 000000F6 F04F 0B10       MOV              r11, #PORT4
  194 000000FA 4B24            LDR              r3, =GPIO_PORTF_BASE + (PORT4<<
2)
  195 000000FC         
  196 000000FC         ; Fin configuration LED
  197 000000FC         
  198 000000FC         ; clignotements LED
  199 000000FC F8C3 A000       STR              r10, [r3]
  200 00000100 F8DF 9084       LDR              r9, = DUREE
  201 00000104         
  202 00000104 F1B9 0901 
                       wait1CD SUBS             r9, #1
  203 00000108 D1FC            BNE              wait1CD
  204 0000010A         
  205 0000010A F8C3 B000       STR              r11, [r3]
  206 0000010E F8DF 9078       LDR              r9, = DUREE
  207 00000112         
  208 00000112 F1B9 0901 
                       wait2CD SUBS             r9, #1
  209 00000116 D1FC            BNE              wait2CD
  210 00000118         
  211 00000118 F8C3 A000       STR              r10, [r3]
  212 0000011C 4770            BX               LR
  213 0000011E         
  214 0000011E         
  215 0000011E         
  216 0000011E         ; ------------------------------------------------------
                       ---------
  217 0000011E         ; ------------------------------------------------------
                       ---------
  218 0000011E         ; Méthode pour faire clignoter LED droite 1 fois
  219 0000011E         CLIGNOTEG
  220 0000011E         ; Activer l'horloge périphérique du port F en définissan
                       t le bit 5 (0x20 == 0b100000)
  221 0000011E         
  222 0000011E 4B15            LDR              r3, = SYSCTL_PERIPH_GPIOF
  223 00000120 F04F 0820       MOV              r8, #0x00000020
  224 00000124         
  225 00000124         ;Délai de 3 horloges systèmes
  226 00000124         
  227 00000124 BF00            NOP
  228 00000126 BF00            NOP
  229 00000128 BF00            NOP
  230 0000012A         
  231 0000012A         ;Configuration LED
  232 0000012A         
  233 0000012A 4B13            LDR              r3, = GPIO_PORTF_BASE+GPIO_O_DI
R



ARM Macro Assembler    Page 6 


  234 0000012C F04F 0820       LDR              r8, = PORT5
  235 00000130 F8C3 8000       STR              r8, [r3]
  236 00000134         
  237 00000134 4B11            LDR              r3, = GPIO_PORTF_BASE+GPIO_O_DE
N
  238 00000136 F04F 0820       LDR              r8, = PORT5
  239 0000013A F8C3 8000       STR              r8, [r3]
  240 0000013E         
  241 0000013E 4B10            LDR              r3, = GPIO_PORTF_BASE+GPIO_O_DR
2R
  242 00000140 F04F 0820       LDR              r8, = PORT5
  243 00000144 F8C3 8000       STR              r8, [r3]
  244 00000148 F04F 0A00       MOV              r10, #0x000
  245 0000014C         
  246 0000014C         ;Allumer la LED (PORT5)
  247 0000014C         
  248 0000014C F04F 0B20       MOV              r11, #PORT5
  249 00000150 4B0F            LDR              r3, =GPIO_PORTF_BASE + (PORT5<<
2)
  250 00000152         
  251 00000152         ; Fin configuration LED
  252 00000152         
  253 00000152         ; clignotements LED
  254 00000152 F8C3 A000       STR              r10, [r3]
  255 00000156 F8DF 9030       LDR              r9, = DUREE
  256 0000015A         
  257 0000015A F1B9 0901 
                       wait1CG SUBS             r9, #1
  258 0000015E D1FC            BNE              wait1CG
  259 00000160         
  260 00000160 F8C3 B000       STR              r11, [r3]
  261 00000164 F8DF 9020       LDR              r9, = DUREE
  262 00000168         
  263 00000168 F1B9 0901 
                       wait2CG SUBS             r9, #1
  264 0000016C D1FC            BNE              wait2CG
  265 0000016E         
  266 0000016E F8C3 A000       STR              r10, [r3]
  267 00000172 4770            BX               LR
  268 00000174         
  269 00000174                 END
              400FE108 
              40025400 
              4002551C 
              40025500 
              400250C0 
              000DFFFF 
              40025040 
              40025080 
Command Line: --debug --xref --diag_suppress=9931 --cpu=Cortex-M3 --apcs=interw
ork --depend=.\objects\led.d -o.\objects\led.o -I.\RTE\_Target_1 -IC:\Keil_v5\A
RM\PACK\ARM\CMSIS\5.9.0\CMSIS\Core\Include -IC:\Keil_v5\ARM\PACK\ARM\CMSIS\5.9.
0\Device\ARM\ARMCM3\Include --predefine="__EVAL SETA 1" --predefine="__MICROLIB
 SETA 1" --predefine="__UVISION_VERSION SETA 537" --predefine="_RTE_ SETA 1" --
predefine="ARMCM3 SETA 1" --predefine="_RTE_ SETA 1" --list=.\listings\led.lst 
Led.s



ARM Macro Assembler    Page 1 Alphabetic symbol ordering
Relocatable symbols

.text 00000000

Symbol: .text
   Definitions
      At line 31 in file Led.s
   Uses
      None
Comment: .text unused
CLIGNOTE2 00000000

Symbol: CLIGNOTE2
   Definitions
      At line 41 in file Led.s
   Uses
      At line 34 in file Led.s
Comment: CLIGNOTE2 used once
CLIGNOTE3 00000064

Symbol: CLIGNOTE3
   Definitions
      At line 102 in file Led.s
   Uses
      At line 35 in file Led.s
Comment: CLIGNOTE3 used once
CLIGNOTED 000000C8

Symbol: CLIGNOTED
   Definitions
      At line 164 in file Led.s
   Uses
      At line 37 in file Led.s
Comment: CLIGNOTED used once
CLIGNOTEG 0000011E

Symbol: CLIGNOTEG
   Definitions
      At line 219 in file Led.s
   Uses
      At line 36 in file Led.s
Comment: CLIGNOTEG used once
finC2 0000005E

Symbol: finC2
   Definitions
      At line 95 in file Led.s
   Uses
      At line 79 in file Led.s
Comment: finC2 used once
finC3 000000C2

Symbol: finC3
   Definitions
      At line 156 in file Led.s
   Uses
      At line 140 in file Led.s
Comment: finC3 used once
loopC2 00000038

Symbol: loopC2



ARM Macro Assembler    Page 2 Alphabetic symbol ordering
Relocatable symbols

   Definitions
      At line 78 in file Led.s
   Uses
      At line 93 in file Led.s
Comment: loopC2 used once
loopC3 0000009C

Symbol: loopC3
   Definitions
      At line 139 in file Led.s
   Uses
      At line 154 in file Led.s
Comment: loopC3 used once
wait1C2 00000048

Symbol: wait1C2
   Definitions
      At line 84 in file Led.s
   Uses
      At line 85 in file Led.s
Comment: wait1C2 used once
wait1C3 000000AC

Symbol: wait1C3
   Definitions
      At line 145 in file Led.s
   Uses
      At line 146 in file Led.s
Comment: wait1C3 used once
wait1CD 00000104

Symbol: wait1CD
   Definitions
      At line 202 in file Led.s
   Uses
      At line 203 in file Led.s
Comment: wait1CD used once
wait1CG 0000015A

Symbol: wait1CG
   Definitions
      At line 257 in file Led.s
   Uses
      At line 258 in file Led.s
Comment: wait1CG used once
wait2C2 00000056

Symbol: wait2C2
   Definitions
      At line 90 in file Led.s
   Uses
      At line 91 in file Led.s
Comment: wait2C2 used once
wait2C3 000000BA

Symbol: wait2C3
   Definitions
      At line 151 in file Led.s
   Uses



ARM Macro Assembler    Page 3 Alphabetic symbol ordering
Relocatable symbols

      At line 152 in file Led.s
Comment: wait2C3 used once
wait2CD 00000112

Symbol: wait2CD
   Definitions
      At line 208 in file Led.s
   Uses
      At line 209 in file Led.s
Comment: wait2CD used once
wait2CG 00000168

Symbol: wait2CG
   Definitions
      At line 263 in file Led.s
   Uses
      At line 264 in file Led.s
Comment: wait2CG used once
17 symbols



ARM Macro Assembler    Page 1 Alphabetic symbol ordering
Absolute symbols

DUREE 000DFFFF

Symbol: DUREE
   Definitions
      At line 28 in file Led.s
   Uses
      At line 82 in file Led.s
      At line 88 in file Led.s
      At line 143 in file Led.s
      At line 149 in file Led.s
      At line 200 in file Led.s
      At line 206 in file Led.s
      At line 255 in file Led.s
      At line 261 in file Led.s

GPIO_O_DEN 0000051C

Symbol: GPIO_O_DEN
   Definitions
      At line 18 in file Led.s
   Uses
      At line 59 in file Led.s
      At line 120 in file Led.s
      At line 182 in file Led.s
      At line 237 in file Led.s

GPIO_O_DIR 00000400

Symbol: GPIO_O_DIR
   Definitions
      At line 10 in file Led.s
   Uses
      At line 55 in file Led.s
      At line 116 in file Led.s
      At line 178 in file Led.s
      At line 233 in file Led.s

GPIO_O_DR2R 00000500

Symbol: GPIO_O_DR2R
   Definitions
      At line 14 in file Led.s
   Uses
      At line 63 in file Led.s
      At line 124 in file Led.s
      At line 186 in file Led.s
      At line 241 in file Led.s

GPIO_PORTF_BASE 40025000

Symbol: GPIO_PORTF_BASE
   Definitions
      At line 6 in file Led.s
   Uses
      At line 55 in file Led.s
      At line 59 in file Led.s
      At line 63 in file Led.s
      At line 71 in file Led.s
      At line 116 in file Led.s



ARM Macro Assembler    Page 2 Alphabetic symbol ordering
Absolute symbols

      At line 120 in file Led.s
      At line 124 in file Led.s
      At line 132 in file Led.s
      At line 178 in file Led.s
      At line 182 in file Led.s
      At line 186 in file Led.s
      At line 194 in file Led.s
      At line 233 in file Led.s
      At line 237 in file Led.s
      At line 241 in file Led.s
      At line 249 in file Led.s

PORT4 00000010

Symbol: PORT4
   Definitions
      At line 23 in file Led.s
   Uses
      At line 179 in file Led.s
      At line 183 in file Led.s
      At line 187 in file Led.s
      At line 193 in file Led.s
      At line 194 in file Led.s

PORT45 00000030

Symbol: PORT45
   Definitions
      At line 21 in file Led.s
   Uses
      At line 56 in file Led.s
      At line 60 in file Led.s
      At line 64 in file Led.s
      At line 70 in file Led.s
      At line 71 in file Led.s
      At line 117 in file Led.s
      At line 121 in file Led.s
      At line 125 in file Led.s
      At line 131 in file Led.s
      At line 132 in file Led.s

PORT5 00000020

Symbol: PORT5
   Definitions
      At line 25 in file Led.s
   Uses
      At line 234 in file Led.s
      At line 238 in file Led.s
      At line 242 in file Led.s
      At line 248 in file Led.s
      At line 249 in file Led.s

SYSCTL_PERIPH_GPIOF 400FE108

Symbol: SYSCTL_PERIPH_GPIOF
   Definitions
      At line 3 in file Led.s
   Uses



ARM Macro Assembler    Page 3 Alphabetic symbol ordering
Absolute symbols

      At line 44 in file Led.s
      At line 105 in file Led.s
      At line 167 in file Led.s
      At line 222 in file Led.s

9 symbols
363 symbols in table
