


ARM Macro Assembler    Page 1 


    1 00000000         ;; RK - Evalbot (Cortex M3 de Texas Instrument)
    2 00000000         ; programme - Pilotage 2 Moteurs Evalbot par PWM tout en
                        ASM (Evalbot tourne sur lui même)
    3 00000000         
    4 00000000         
    5 00000000         
    6 00000000                 AREA             |.text|, CODE, READONLY
    7 00000000                 ENTRY
    8 00000000                 EXPORT           __main
    9 00000000         
   10 00000000         ;; The IMPORT command specifies that a symbol is defined
                        in a shared object at runtime.
   11 00000000                 IMPORT           MOTEUR_INIT ; initialise les mo
                                                            teurs (configure le
                                                            s pwms + GPIO)
   12 00000000         
   13 00000000                 IMPORT           MOTEUR_DROIT_ON ; activer le mo
                                                            teur droit
   14 00000000                 IMPORT           MOTEUR_DROIT_OFF ; déactiver le
                                                             moteur droit
   15 00000000                 IMPORT           MOTEUR_DROIT_AVANT ; moteur dro
                                                            it tourne vers l'av
                                                            ant
   16 00000000                 IMPORT           MOTEUR_DROIT_ARRIERE ; moteur d
                                                            roit tourne vers l'
                                                            arrière
   17 00000000                 IMPORT           MOTEUR_DROIT_INVERSE ; inverse 
                                                            le sens de rotation
                                                             du moteur droit
   18 00000000         
   19 00000000                 IMPORT           MOTEUR_GAUCHE_ON ; activer le m
                                                            oteur gauche
   20 00000000                 IMPORT           MOTEUR_GAUCHE_OFF ; déactiver l
                                                            e moteur gauche
   21 00000000                 IMPORT           MOTEUR_GAUCHE_AVANT ; moteur ga
                                                            uche tourne vers l'
                                                            avant
   22 00000000                 IMPORT           MOTEUR_GAUCHE_ARRIERE ; moteur 
                                                            gauche tourne vers 
                                                            l'arrière
   23 00000000                 IMPORT           MOTEUR_GAUCHE_INVERSE ; inverse
                                                             le sens de rotatio
                                                            n du moteur gauche
   24 00000000         
   25 00000000         
   26 00000000         __main
   27 00000000         
   28 00000000         
   29 00000000         ;; BL Branchement vers un lien (sous programme)
   30 00000000         
   31 00000000         ; Configure les PWM + GPIO
   32 00000000 F7FF FFFE       BL               MOTEUR_INIT
   33 00000004         
   34 00000004         ; Activer les deux moteurs droit et gauche
   35 00000004 F7FF FFFE       BL               MOTEUR_DROIT_ON
   36 00000008 F7FF FFFE       BL               MOTEUR_GAUCHE_ON
   37 0000000C         
   38 0000000C         ; Boucle de pilotage des 2 Moteurs (Evalbot tourne sur l
                       ui même)



ARM Macro Assembler    Page 2 


   39 0000000C         loop
   40 0000000C         ; Evalbot avance droit devant
   41 0000000C F7FF FFFE       BL               MOTEUR_DROIT_AVANT
   42 00000010 F7FF FFFE       BL               MOTEUR_GAUCHE_AVANT
   43 00000014         
   44 00000014         ; Avancement pendant une période (deux WAIT)
   45 00000014 F000 F807       BL               WAIT        ; BL (Branchement v
                                                            ers le lien WAIT); 
                                                            possibilité de reto
                                                            ur à la suite avec 
                                                            (BX LR)
   46 00000018 F000 F805       BL               WAIT
   47 0000001C         
   48 0000001C         ; Rotation à droite de l'Evalbot pendant une demi-périod
                       e (1 seul WAIT)
   49 0000001C F7FF FFFE       BL               MOTEUR_DROIT_ARRIERE ; MOTEUR_D
                                                            ROIT_INVERSE
   50 00000020 F000 F801       BL               WAIT
   51 00000024         
   52 00000024 E7F2            b                loop
   53 00000026         
   54 00000026         ;; Boucle d'attante
   55 00000026 4902    WAIT    ldr              r1, =0x20FFFFD
   56 00000028 3901    wait1   subs             r1, #1
   57 0000002A D1FD            bne              wait1
   58 0000002C         
   59 0000002C         ;; retour à la suite du lien de branchement
   60 0000002C 4770            BX               LR
   61 0000002E         
   62 0000002E BF00            NOP
   63 00000030                 END
              020FFFFD 
Command Line: --debug --xref --diag_suppress=9931 --cpu=Cortex-M3 --apcs=interw
ork --depend=.\objects\rk_priseenmain_moteurs.d -o.\objects\rk_priseenmain_mote
urs.o -I.\RTE\_Target_1 -IC:\Users\Safi\AppData\Local\Arm\Packs\ARM\CMSIS\5.9.0
\CMSIS\Core\Include -IC:\Users\Safi\AppData\Local\Arm\Packs\ARM\CMSIS\5.9.0\Dev
ice\ARM\ARMCM3\Include --predefine="__EVAL SETA 1" --predefine="__MICROLIB SETA
 1" --predefine="__UVISION_VERSION SETA 528" --predefine="_RTE_ SETA 1" --prede
fine="ARMCM3 SETA 1" --list=.\listings\rk_priseenmain_moteurs.lst ..\..\..\Down
loads\RK_PriseEnMain_Moteurs.s



ARM Macro Assembler    Page 1 Alphabetic symbol ordering
Relocatable symbols

.text 00000000

Symbol: .text
   Definitions
      At line 6 in file ..\..\..\Downloads\RK_PriseEnMain_Moteurs.s
   Uses
      None
Comment: .text unused
WAIT 00000026

Symbol: WAIT
   Definitions
      At line 55 in file ..\..\..\Downloads\RK_PriseEnMain_Moteurs.s
   Uses
      At line 45 in file ..\..\..\Downloads\RK_PriseEnMain_Moteurs.s
      At line 46 in file ..\..\..\Downloads\RK_PriseEnMain_Moteurs.s
      At line 50 in file ..\..\..\Downloads\RK_PriseEnMain_Moteurs.s

__main 00000000

Symbol: __main
   Definitions
      At line 26 in file ..\..\..\Downloads\RK_PriseEnMain_Moteurs.s
   Uses
      At line 8 in file ..\..\..\Downloads\RK_PriseEnMain_Moteurs.s
Comment: __main used once
loop 0000000C

Symbol: loop
   Definitions
      At line 39 in file ..\..\..\Downloads\RK_PriseEnMain_Moteurs.s
   Uses
      At line 52 in file ..\..\..\Downloads\RK_PriseEnMain_Moteurs.s
Comment: loop used once
wait1 00000028

Symbol: wait1
   Definitions
      At line 56 in file ..\..\..\Downloads\RK_PriseEnMain_Moteurs.s
   Uses
      At line 57 in file ..\..\..\Downloads\RK_PriseEnMain_Moteurs.s
Comment: wait1 used once
5 symbols



ARM Macro Assembler    Page 1 Alphabetic symbol ordering
External symbols

MOTEUR_DROIT_ARRIERE 00000000

Symbol: MOTEUR_DROIT_ARRIERE
   Definitions
      At line 16 in file ..\..\..\Downloads\RK_PriseEnMain_Moteurs.s
   Uses
      At line 49 in file ..\..\..\Downloads\RK_PriseEnMain_Moteurs.s
Comment: MOTEUR_DROIT_ARRIERE used once
MOTEUR_DROIT_AVANT 00000000

Symbol: MOTEUR_DROIT_AVANT
   Definitions
      At line 15 in file ..\..\..\Downloads\RK_PriseEnMain_Moteurs.s
   Uses
      At line 41 in file ..\..\..\Downloads\RK_PriseEnMain_Moteurs.s
Comment: MOTEUR_DROIT_AVANT used once
MOTEUR_DROIT_INVERSE 00000000

Symbol: MOTEUR_DROIT_INVERSE
   Definitions
      At line 17 in file ..\..\..\Downloads\RK_PriseEnMain_Moteurs.s
   Uses
      None
Comment: MOTEUR_DROIT_INVERSE unused
MOTEUR_DROIT_OFF 00000000

Symbol: MOTEUR_DROIT_OFF
   Definitions
      At line 14 in file ..\..\..\Downloads\RK_PriseEnMain_Moteurs.s
   Uses
      None
Comment: MOTEUR_DROIT_OFF unused
MOTEUR_DROIT_ON 00000000

Symbol: MOTEUR_DROIT_ON
   Definitions
      At line 13 in file ..\..\..\Downloads\RK_PriseEnMain_Moteurs.s
   Uses
      At line 35 in file ..\..\..\Downloads\RK_PriseEnMain_Moteurs.s
Comment: MOTEUR_DROIT_ON used once
MOTEUR_GAUCHE_ARRIERE 00000000

Symbol: MOTEUR_GAUCHE_ARRIERE
   Definitions
      At line 22 in file ..\..\..\Downloads\RK_PriseEnMain_Moteurs.s
   Uses
      None
Comment: MOTEUR_GAUCHE_ARRIERE unused
MOTEUR_GAUCHE_AVANT 00000000

Symbol: MOTEUR_GAUCHE_AVANT
   Definitions
      At line 21 in file ..\..\..\Downloads\RK_PriseEnMain_Moteurs.s
   Uses
      At line 42 in file ..\..\..\Downloads\RK_PriseEnMain_Moteurs.s
Comment: MOTEUR_GAUCHE_AVANT used once
MOTEUR_GAUCHE_INVERSE 00000000

Symbol: MOTEUR_GAUCHE_INVERSE



ARM Macro Assembler    Page 2 Alphabetic symbol ordering
External symbols

   Definitions
      At line 23 in file ..\..\..\Downloads\RK_PriseEnMain_Moteurs.s
   Uses
      None
Comment: MOTEUR_GAUCHE_INVERSE unused
MOTEUR_GAUCHE_OFF 00000000

Symbol: MOTEUR_GAUCHE_OFF
   Definitions
      At line 20 in file ..\..\..\Downloads\RK_PriseEnMain_Moteurs.s
   Uses
      None
Comment: MOTEUR_GAUCHE_OFF unused
MOTEUR_GAUCHE_ON 00000000

Symbol: MOTEUR_GAUCHE_ON
   Definitions
      At line 19 in file ..\..\..\Downloads\RK_PriseEnMain_Moteurs.s
   Uses
      At line 36 in file ..\..\..\Downloads\RK_PriseEnMain_Moteurs.s
Comment: MOTEUR_GAUCHE_ON used once
MOTEUR_INIT 00000000

Symbol: MOTEUR_INIT
   Definitions
      At line 11 in file ..\..\..\Downloads\RK_PriseEnMain_Moteurs.s
   Uses
      At line 32 in file ..\..\..\Downloads\RK_PriseEnMain_Moteurs.s
Comment: MOTEUR_INIT used once
11 symbols
353 symbols in table
